Determining if the strtod_l exist failed with the following output:
Change Dir: /home/bresilla/DATA/CODE/PROJECTS/OTHER/CLIntacts/build/CMakeFiles/CMakeTmp

Run Build Command(s):/nix/store/1pqpczna5ipwxm3jjv6f9g3d6fpdchm3-gnumake-4.2.1/bin/make cmTC_e54b2/fast && /nix/store/1pqpczna5ipwxm3jjv6f9g3d6fpdchm3-gnumake-4.2.1/bin/make -f CMakeFiles/cmTC_e54b2.dir/build.make CMakeFiles/cmTC_e54b2.dir/build
make[1]: Entering directory '/home/bresilla/DATA/CODE/PROJECTS/OTHER/CLIntacts/build/CMakeFiles/CMakeTmp'
Building C object CMakeFiles/cmTC_e54b2.dir/CheckSymbolExists.c.o
/nix/store/qy6rb8p4fg1p3xfw0g6wz6iirxbdxizp-gcc-wrapper-8.3.0/bin/gcc    -o CMakeFiles/cmTC_e54b2.dir/CheckSymbolExists.c.o   -c /home/bresilla/DATA/CODE/PROJECTS/OTHER/CLIntacts/build/CMakeFiles/CMakeTmp/CheckSymbolExists.c
/home/bresilla/DATA/CODE/PROJECTS/OTHER/CLIntacts/build/CMakeFiles/CMakeTmp/CheckSymbolExists.c: In function ‘main’:
/home/bresilla/DATA/CODE/PROJECTS/OTHER/CLIntacts/build/CMakeFiles/CMakeTmp/CheckSymbolExists.c:8:19: error: ‘strtod_l’ undeclared (first use in this function); did you mean ‘strtoull’?
   return ((int*)(&strtod_l))[argc];
                   ^~~~~~~~
                   strtoull
/home/bresilla/DATA/CODE/PROJECTS/OTHER/CLIntacts/build/CMakeFiles/CMakeTmp/CheckSymbolExists.c:8:19: note: each undeclared identifier is reported only once for each function it appears in
make[1]: *** [CMakeFiles/cmTC_e54b2.dir/build.make:66: CMakeFiles/cmTC_e54b2.dir/CheckSymbolExists.c.o] Error 1
make[1]: Leaving directory '/home/bresilla/DATA/CODE/PROJECTS/OTHER/CLIntacts/build/CMakeFiles/CMakeTmp'
make: *** [Makefile:121: cmTC_e54b2/fast] Error 2


File /home/bresilla/DATA/CODE/PROJECTS/OTHER/CLIntacts/build/CMakeFiles/CMakeTmp/CheckSymbolExists.c:
/* */
#include <stdlib.h>

int main(int argc, char** argv)
{
  (void)argv;
#ifndef strtod_l
  return ((int*)(&strtod_l))[argc];
#else
  (void)argc;
  return 0;
#endif
}

Performing C SOURCE FILE Test CMAKE_HAVE_LIBC_PTHREAD failed with the following output:
Change Dir: /home/bresilla/DATA/CODE/PROJECTS/OTHER/CLIntacts/build/CMakeFiles/CMakeTmp

Run Build Command(s):/nix/store/1pqpczna5ipwxm3jjv6f9g3d6fpdchm3-gnumake-4.2.1/bin/make cmTC_399a5/fast && /nix/store/1pqpczna5ipwxm3jjv6f9g3d6fpdchm3-gnumake-4.2.1/bin/make -f CMakeFiles/cmTC_399a5.dir/build.make CMakeFiles/cmTC_399a5.dir/build
make[1]: Entering directory '/home/bresilla/DATA/CODE/PROJECTS/OTHER/CLIntacts/build/CMakeFiles/CMakeTmp'
Building C object CMakeFiles/cmTC_399a5.dir/src.c.o
/nix/store/qy6rb8p4fg1p3xfw0g6wz6iirxbdxizp-gcc-wrapper-8.3.0/bin/gcc   -DCMAKE_HAVE_LIBC_PTHREAD   -o CMakeFiles/cmTC_399a5.dir/src.c.o   -c /home/bresilla/DATA/CODE/PROJECTS/OTHER/CLIntacts/build/CMakeFiles/CMakeTmp/src.c
Linking C executable cmTC_399a5
/nix/store/a9kbkm8c4xvcpb8vywj05mz49j2vjc2z-cmake-3.15.1/bin/cmake -E cmake_link_script CMakeFiles/cmTC_399a5.dir/link.txt --verbose=1
/nix/store/qy6rb8p4fg1p3xfw0g6wz6iirxbdxizp-gcc-wrapper-8.3.0/bin/gcc  -DCMAKE_HAVE_LIBC_PTHREAD    -rdynamic CMakeFiles/cmTC_399a5.dir/src.c.o  -o cmTC_399a5 
/nix/store/jy6zl5dkw5rcjczm1arjqxz95l9d40i7-binutils-2.31.1/bin/ld: CMakeFiles/cmTC_399a5.dir/src.c.o: in function `main':
src.c:(.text.startup+0x23): undefined reference to `pthread_create'
/nix/store/jy6zl5dkw5rcjczm1arjqxz95l9d40i7-binutils-2.31.1/bin/ld: src.c:(.text.startup+0x2c): undefined reference to `pthread_detach'
/nix/store/jy6zl5dkw5rcjczm1arjqxz95l9d40i7-binutils-2.31.1/bin/ld: src.c:(.text.startup+0x37): undefined reference to `pthread_join'
/nix/store/jy6zl5dkw5rcjczm1arjqxz95l9d40i7-binutils-2.31.1/bin/ld: src.c:(.text.startup+0x42): undefined reference to `pthread_atfork'
collect2: error: ld returned 1 exit status
make[1]: *** [CMakeFiles/cmTC_399a5.dir/build.make:87: cmTC_399a5] Error 1
make[1]: Leaving directory '/home/bresilla/DATA/CODE/PROJECTS/OTHER/CLIntacts/build/CMakeFiles/CMakeTmp'
make: *** [Makefile:121: cmTC_399a5/fast] Error 2


Source file was:
#include <pthread.h>

void* test_func(void* data)
{
  return data;
}

int main(void)
{
  pthread_t thread;
  pthread_create(&thread, NULL, test_func, NULL);
  pthread_detach(thread);
  pthread_join(thread, NULL);
  pthread_atfork(NULL, NULL, NULL);
  pthread_exit(NULL);

  return 0;
}

Determining if the function pthread_create exists in the pthreads failed with the following output:
Change Dir: /home/bresilla/DATA/CODE/PROJECTS/OTHER/CLIntacts/build/CMakeFiles/CMakeTmp

Run Build Command(s):/nix/store/1pqpczna5ipwxm3jjv6f9g3d6fpdchm3-gnumake-4.2.1/bin/make cmTC_ccbe6/fast && /nix/store/1pqpczna5ipwxm3jjv6f9g3d6fpdchm3-gnumake-4.2.1/bin/make -f CMakeFiles/cmTC_ccbe6.dir/build.make CMakeFiles/cmTC_ccbe6.dir/build
make[1]: Entering directory '/home/bresilla/DATA/CODE/PROJECTS/OTHER/CLIntacts/build/CMakeFiles/CMakeTmp'
Building C object CMakeFiles/cmTC_ccbe6.dir/CheckFunctionExists.c.o
/nix/store/qy6rb8p4fg1p3xfw0g6wz6iirxbdxizp-gcc-wrapper-8.3.0/bin/gcc   -DCHECK_FUNCTION_EXISTS=pthread_create   -o CMakeFiles/cmTC_ccbe6.dir/CheckFunctionExists.c.o   -c /nix/store/a9kbkm8c4xvcpb8vywj05mz49j2vjc2z-cmake-3.15.1/share/cmake-3.15/Modules/CheckFunctionExists.c
Linking C executable cmTC_ccbe6
/nix/store/a9kbkm8c4xvcpb8vywj05mz49j2vjc2z-cmake-3.15.1/bin/cmake -E cmake_link_script CMakeFiles/cmTC_ccbe6.dir/link.txt --verbose=1
/nix/store/qy6rb8p4fg1p3xfw0g6wz6iirxbdxizp-gcc-wrapper-8.3.0/bin/gcc  -DCHECK_FUNCTION_EXISTS=pthread_create    -rdynamic CMakeFiles/cmTC_ccbe6.dir/CheckFunctionExists.c.o  -o cmTC_ccbe6 -lpthreads 
/nix/store/jy6zl5dkw5rcjczm1arjqxz95l9d40i7-binutils-2.31.1/bin/ld: cannot find -lpthreads
collect2: error: ld returned 1 exit status
make[1]: *** [CMakeFiles/cmTC_ccbe6.dir/build.make:87: cmTC_ccbe6] Error 1
make[1]: Leaving directory '/home/bresilla/DATA/CODE/PROJECTS/OTHER/CLIntacts/build/CMakeFiles/CMakeTmp'
make: *** [Makefile:121: cmTC_ccbe6/fast] Error 2



